<?xml version="1.0" encoding="UTF-8"?>
<!-- Generated by org.testng.reporters.JUnitReportReporter -->
<testsuite hostname="Puja" failures="0" tests="3" name="com.test.TestCases.TC_ProductPageTest" time="30.370" errors="0" timestamp="2024-06-14T15:46:02 IST" skipped="1">
  <testcase classname="com.test.TestCases.TC_ProductPageTest" name="VerifySearchProduct" time="5.741"/>
  <system-out/>
  <testcase classname="com.test.TestCases.TC_ProductPageTest" name="VerifyBuyProduct" time="24.629"/>
  <system-out/>
  <testcase classname="com.test.TestCases.TC_ProductPageTest" name="verifyAddToWishlistWithoutLogin">
    <skipped/>
  </testcase> <!-- verifyAddToWishlistWithoutLogin -->
  <system-out/>
</testsuite> <!-- com.test.TestCases.TC_ProductPageTest -->
