<?xml version="1.0" encoding="UTF-8"?>
<!-- Generated by org.testng.reporters.JUnitReportReporter -->
<testsuite hostname="Puja" failures="0" tests="3" name="com.test.TestCases.TC_MyAccountPageTest" time="8.991" errors="0" timestamp="2024-06-14T15:46:02 IST" skipped="1">
  <testcase classname="com.test.TestCases.TC_MyAccountPageTest" name="VerifySignOut" time="3.864"/>
  <system-out/>
  <testcase classname="com.test.TestCases.TC_MyAccountPageTest" name="VerifyLogin" time="5.127"/>
  <system-out/>
  <testcase classname="com.test.TestCases.TC_MyAccountPageTest" name="verifyRegistrationAndlogin">
    <skipped/>
  </testcase> <!-- verifyRegistrationAndlogin -->
  <system-out/>
</testsuite> <!-- com.test.TestCases.TC_MyAccountPageTest -->
