<?xml version="1.0" encoding="UTF-8"?>
<!-- Generated by org.testng.reporters.JUnitReportReporter -->
<testsuite hostname="Puja" failures="0" tests="3" name="com.test.TestCases.TC_MyAccountPageTest" time="8.570" errors="0" timestamp="2024-06-14T16:01:30 IST" skipped="1">
  <testcase classname="com.test.TestCases.TC_MyAccountPageTest" name="VerifySignOut" time="3.858"/>
  <testcase classname="com.test.TestCases.TC_MyAccountPageTest" name="VerifyLogin" time="4.712"/>
  <testcase classname="com.test.TestCases.TC_MyAccountPageTest" name="verifyRegistrationAndlogin">
    <skipped/>
  </testcase> <!-- verifyRegistrationAndlogin -->
</testsuite> <!-- com.test.TestCases.TC_MyAccountPageTest -->
