<?xml version="1.0" encoding="UTF-8"?>
<!-- Generated by org.testng.reporters.JUnitReportReporter -->
<testsuite hostname="Puja" failures="0" tests="3" name="com.test.TestCases.TC_ProductPageTest" time="31.146" errors="0" timestamp="2024-06-14T16:01:30 IST" skipped="1">
  <testcase classname="com.test.TestCases.TC_ProductPageTest" name="VerifySearchProduct" time="5.518"/>
  <testcase classname="com.test.TestCases.TC_ProductPageTest" name="VerifyBuyProduct" time="25.628"/>
  <testcase classname="com.test.TestCases.TC_ProductPageTest" name="verifyAddToWishlistWithoutLogin">
    <skipped/>
  </testcase> <!-- verifyAddToWishlistWithoutLogin -->
</testsuite> <!-- com.test.TestCases.TC_ProductPageTest -->
